Running StreamTriad
Average runtime for stream triad loop is 0.038693 msecs

Running StreamTriad_kern1
Average runtime for stream triad loop is 1.795715 msecs

Accelerator Kernel Timing data
/home/brobey/EssentialsofParallelComputing/Chapter11/OpenACC/StreamTriad/StreamTriad_kern1.c
  main  NVIDIA  devicenum=0
    time(us): 27,086,771
    16: compute region reached 1 time
        17: kernel launched 1 time
            grid: [65535]  block: [128]
             device time(us): total=362 max=362 min=362 avg=362
            elapsed time(us): total=619 max=619 min=619 avg=619
    16: data region reached 2 times
        22: data copyout transfers: 20
             device time(us): total=24,622 max=1,291 min=701 avg=1,231
    25: compute region reached 16 times
        26: kernel launched 16 times
            grid: [1]  block: [1]
             device time(us): total=26,448,866 max=1,674,545 min=1,650,824 avg=1,653,054
            elapsed time(us): total=26,450,181 max=1,674,647 min=1,650,920 avg=1,653,136
    25: data region reached 32 times
        25: data copyin transfers: 320
             device time(us): total=415,826 max=1,378 min=733 avg=1,299
        29: data copyout transfers: 160
             device time(us): total=197,095 max=1,292 min=694 avg=1,231

Running StreamTriad_kern2
Average runtime for stream triad loop is 0.117687 msecs

Accelerator Kernel Timing data
/home/brobey/EssentialsofParallelComputing/Chapter11/OpenACC/StreamTriad/StreamTriad_kern2.c
  main  NVIDIA  devicenum=0
    time(us): 645,107
    16: compute region reached 1 time
        19: kernel launched 1 time
            grid: [65535]  block: [128]
             device time(us): total=360 max=360 min=360 avg=360
            elapsed time(us): total=609 max=609 min=609 avg=609
    16: data region reached 2 times
        25: data copyout transfers: 20
             device time(us): total=24,599 max=1,291 min=700 avg=1,229
    28: compute region reached 16 times
        29: kernel launched 16 times
            grid: [65535]  block: [128]
             device time(us): total=9,159 max=574 min=572 avg=572
            elapsed time(us): total=9,799 max=636 min=608 avg=612
    28: data region reached 32 times
        28: data copyin transfers: 320
             device time(us): total=415,305 max=1,380 min=733 avg=1,297
        32: data copyout transfers: 160
             device time(us): total=195,684 max=1,291 min=692 avg=1,223

Running StreamTriad_kern2
Average runtime for stream triad loop is 0.117858 msecs

Accelerator Kernel Timing data
/home/brobey/EssentialsofParallelComputing/Chapter11/OpenACC/StreamTriad/StreamTriad_kern2.c
  main  NVIDIA  devicenum=0
    time(us): 645,147
    16: compute region reached 1 time
        19: kernel launched 1 time
            grid: [65535]  block: [128]
             device time(us): total=360 max=360 min=360 avg=360
            elapsed time(us): total=629 max=629 min=629 avg=629
    16: data region reached 2 times
        25: data copyout transfers: 20
             device time(us): total=24,598 max=1,289 min=701 avg=1,229
    28: compute region reached 16 times
        29: kernel launched 16 times
            grid: [65535]  block: [128]
             device time(us): total=9,154 max=574 min=571 avg=572
            elapsed time(us): total=9,771 max=636 min=606 avg=610
    28: data region reached 32 times
        28: data copyin transfers: 320
             device time(us): total=415,338 max=1,380 min=734 avg=1,297
        32: data copyout transfers: 160
             device time(us): total=195,697 max=1,289 min=693 avg=1,223

Running StreamTriad_par1
Average runtime for stream triad loop is 0.136286 msecs

Accelerator Kernel Timing data
/home/brobey/EssentialsofParallelComputing/Chapter11/OpenACC/StreamTriad/StreamTriad_par1.c
  main  NVIDIA  devicenum=0
    time(us): 648,504
    16: compute region reached 1 time
        16: kernel launched 1 time
            grid: [65535]  block: [128]
             device time(us): total=361 max=361 min=361 avg=361
            elapsed time(us): total=641 max=641 min=641 avg=641
    16: data region reached 2 times
        22: data copyout transfers: 20
             device time(us): total=24,594 max=1,289 min=700 avg=1,229
    25: compute region reached 16 times
        25: kernel launched 16 times
            grid: [65535]  block: [128]
             device time(us): total=9,144 max=573 min=571 avg=571
            elapsed time(us): total=10,428 max=1,189 min=607 avg=651
    25: data region reached 32 times
        25: data copyin transfers: 320
             device time(us): total=418,413 max=3,022 min=734 avg=1,307
        29: data copyout transfers: 160
             device time(us): total=195,992 max=1,293 min=693 avg=1,224

Running StreamTriad_par2
Average runtime for stream triad loop is 0.000589 msecs

Accelerator Kernel Timing data
/home/brobey/EssentialsofParallelComputing/Chapter11/OpenACC/StreamTriad/StreamTriad_par2.c
  main  NVIDIA  devicenum=0
    time(us): 9,448
    13: data region reached 2 times
    19: compute region reached 1 time
        19: kernel launched 1 time
            grid: [65535]  block: [128]
             device time(us): total=361 max=361 min=361 avg=361
            elapsed time(us): total=611 max=611 min=611 avg=611
    19: data region reached 2 times
    28: compute region reached 16 times
        28: kernel launched 16 times
            grid: [65535]  block: [128]
             device time(us): total=9,087 max=569 min=567 avg=567
            elapsed time(us): total=9,364 max=589 min=584 avg=585
    28: data region reached 32 times

Running StreamTriad_par3
Average runtime for stream triad loop is 0.000589 msecs

Accelerator Kernel Timing data
/home/brobey/EssentialsofParallelComputing/Chapter11/OpenACC/StreamTriad/StreamTriad_par3.c
  main  NVIDIA  devicenum=0
    time(us): 9,445
    13: data region reached 1 time
    18: compute region reached 1 time
        18: kernel launched 1 time
            grid: [65535]  block: [128]
             device time(us): total=360 max=360 min=360 avg=360
            elapsed time(us): total=612 max=612 min=612 avg=612
    18: data region reached 2 times
    27: compute region reached 16 times
        27: kernel launched 16 times
            grid: [65535]  block: [128]
             device time(us): total=9,085 max=568 min=567 avg=567
            elapsed time(us): total=9,364 max=590 min=583 avg=585
    27: data region reached 32 times
    36: data region reached 1 time

Running StreamTriad_par4
Average runtime for stream triad loop is 0.000587 msecs

Accelerator Kernel Timing data
/home/brobey/EssentialsofParallelComputing/Chapter11/OpenACC/StreamTriad/StreamTriad_par4.c
  main  NVIDIA  devicenum=0
    time(us): 9,453
    17: compute region reached 1 time
        17: kernel launched 1 time
            grid: [65535]  block: [256]
             device time(us): total=361 max=361 min=361 avg=361
            elapsed time(us): total=606 max=606 min=606 avg=606
    26: compute region reached 16 times
        26: kernel launched 16 times
            grid: [65535]  block: [256]
             device time(us): total=9,092 max=569 min=568 avg=568
            elapsed time(us): total=9,368 max=589 min=584 avg=585
